<?xml version="1.0" encoding="UTF-8"?>
<testng-results ignored="0" total="2" passed="2" failed="0" skipped="0">
  <reporter-output>
  </reporter-output>
  <suite started-at="2020-10-22T20:23:11 IST" name="Default suite" finished-at="2020-10-22T20:24:03 IST" duration-ms="52662">
    <groups>
    </groups>
    <test started-at="2020-10-22T20:23:11 IST" name="Default test" finished-at="2020-10-22T20:24:03 IST" duration-ms="52662">
      <class name="TestCases.HealthInsuranceMenuTest">
        <test-method signature="getItemsUnderHealthInsurance()[pri:0, instance:TestCases.HealthInsuranceMenuTest@2525ff7e]" started-at="2020-10-22T20:23:11 IST" name="getItemsUnderHealthInsurance" finished-at="2020-10-22T20:23:40 IST" duration-ms="29631" status="PASS">
          <reporter-output>
          </reporter-output>
        </test-method> <!-- getItemsUnderHealthInsurance -->
        <test-method signature="isHealthInsuranceClickable()[pri:0, instance:TestCases.HealthInsuranceMenuTest@2525ff7e]" started-at="2020-10-22T20:23:40 IST" name="isHealthInsuranceClickable" finished-at="2020-10-22T20:24:03 IST" depends-on-methods="TestCases.HealthInsuranceMenuTest.getItemsUnderHealthInsurance" duration-ms="22928" status="PASS">
          <reporter-output>
          </reporter-output>
        </test-method> <!-- isHealthInsuranceClickable -->
      </class> <!-- TestCases.HealthInsuranceMenuTest -->
    </test> <!-- Default test -->
  </suite> <!-- Default suite -->
</testng-results>
