<?xml version="1.0" encoding="UTF-8"?>
<!-- Generated by org.testng.reporters.JUnitXMLReporter -->
<testsuite ignored="0" hostname="LAPTOP-5KJQT6PQ" failures="0" tests="3" name="Default test" time="211.52" errors="0" timestamp="2020-11-08T22:35:12 IST">
  <testcase classname="TestCases.TestTeamMember" name="testInviteUserIcon" time="65.866"/>
  <testcase classname="TestCases.TestTeamMember" name="testVariousIcons" time="73.484"/>
  <testcase classname="TestCases.TestTeamMember" name="testModifyAcessRoles" time="67.502"/>
</testsuite> <!-- Default test -->
