<?xml version="1.0" encoding="UTF-8"?>
<testng-results ignored="0" total="1" passed="1" failed="0" skipped="0">
  <reporter-output>
  </reporter-output>
  <suite started-at="2020-10-08T21:32:44 IST" name="Default suite" finished-at="2020-10-08T21:34:14 IST" duration-ms="90233">
    <groups>
    </groups>
    <test started-at="2020-10-08T21:32:44 IST" name="Default test" finished-at="2020-10-08T21:34:14 IST" duration-ms="90233">
      <class name="com.selenium.mainpage.Nykaa">
        <test-method signature="headphones()[pri:0, instance:com.selenium.mainpage.Nykaa@49d904ec]" started-at="2020-10-08T21:32:44 IST" name="headphones" finished-at="2020-10-08T21:34:14 IST" duration-ms="90132" status="PASS">
          <reporter-output>
          </reporter-output>
        </test-method> <!-- headphones -->
      </class> <!-- com.selenium.mainpage.Nykaa -->
    </test> <!-- Default test -->
  </suite> <!-- Default suite -->
</testng-results>
