<?xml version="1.0" encoding="UTF-8"?>
<testng-results ignored="0" total="3" passed="3" failed="0" skipped="0">
  <reporter-output>
  </reporter-output>
  <suite started-at="2020-11-08T22:31:40 IST" name="Default suite" finished-at="2020-11-08T22:35:12 IST" duration-ms="211520">
    <groups>
    </groups>
    <test started-at="2020-11-08T22:31:40 IST" name="Default test" finished-at="2020-11-08T22:35:12 IST" duration-ms="211520">
      <class name="TestCases.TestTeamMember">
        <test-method signature="testInviteUserIcon()[pri:0, instance:TestCases.TestTeamMember@10d68fcd]" started-at="2020-11-08T22:31:40 IST" name="testInviteUserIcon" finished-at="2020-11-08T22:32:46 IST" duration-ms="65866" status="PASS">
          <reporter-output>
          </reporter-output>
        </test-method> <!-- testInviteUserIcon -->
        <test-method is-config="true" signature="closeBrowser()[pri:0, instance:TestCases.TestTeamMember@10d68fcd]" started-at="2020-11-08T22:32:46 IST" name="closeBrowser" finished-at="2020-11-08T22:32:49 IST" duration-ms="2558" status="PASS">
          <reporter-output>
          </reporter-output>
        </test-method> <!-- closeBrowser -->
        <test-method signature="testVariousIcons()[pri:1, instance:TestCases.TestTeamMember@10d68fcd]" started-at="2020-11-08T22:32:49 IST" name="testVariousIcons" finished-at="2020-11-08T22:34:02 IST" duration-ms="73484" status="PASS">
          <reporter-output>
          </reporter-output>
        </test-method> <!-- testVariousIcons -->
        <test-method is-config="true" signature="closeBrowser()[pri:0, instance:TestCases.TestTeamMember@10d68fcd]" started-at="2020-11-08T22:34:02 IST" name="closeBrowser" finished-at="2020-11-08T22:34:04 IST" duration-ms="1548" status="PASS">
          <reporter-output>
          </reporter-output>
        </test-method> <!-- closeBrowser -->
        <test-method signature="testModifyAcessRoles()[pri:2, instance:TestCases.TestTeamMember@10d68fcd]" started-at="2020-11-08T22:34:04 IST" name="testModifyAcessRoles" finished-at="2020-11-08T22:35:12 IST" duration-ms="67502" status="PASS">
          <reporter-output>
          </reporter-output>
        </test-method> <!-- testModifyAcessRoles -->
        <test-method is-config="true" signature="closeBrowser()[pri:0, instance:TestCases.TestTeamMember@10d68fcd]" started-at="2020-11-08T22:35:12 IST" name="closeBrowser" finished-at="2020-11-08T22:35:12 IST" duration-ms="385" status="PASS">
          <reporter-output>
          </reporter-output>
        </test-method> <!-- closeBrowser -->
      </class> <!-- TestCases.TestTeamMember -->
    </test> <!-- Default test -->
  </suite> <!-- Default suite -->
</testng-results>
