<?xml version="1.0" encoding="UTF-8"?>
<!-- Generated by org.testng.reporters.JUnitXMLReporter -->
<testsuite ignored="0" hostname="LAPTOP-5KJQT6PQ" failures="0" tests="4" name="Default test" time="182.318" errors="0" timestamp="2020-11-06T10:26:40 IST">
  <testcase classname="TestCases.PolicyBazaarTest" name="displayTravelInsurance" time="87.695"/>
  <testcase classname="TestCases.PolicyBazaarTest" name="getCarInsuranceDetails" time="41.24"/>
  <testcase classname="TestCases.PolicyBazaarTest" name="getItemsUnderHealthInsurance" time="23.67"/>
  <testcase classname="TestCases.PolicyBazaarTest" name="isHealthInsuranceClickable" time="22.767"/>
</testsuite> <!-- Default test -->
