<?xml version="1.0" encoding="UTF-8"?>
<!-- Generated by org.testng.reporters.JUnitXMLReporter -->
<testsuite ignored="0" hostname="LAPTOP-5KJQT6PQ" failures="0" tests="4" name="Policy Bazaar Testing" time="184.147" errors="0" timestamp="2020-11-06T08:49:30 IST">
  <testcase classname="TestCases.PolicyBazaarTest" name="displayTravelInsurance" time="79.244"/>
  <testcase classname="TestCases.PolicyBazaarTest" name="getCarInsuranceDetails" time="37.056"/>
  <testcase classname="TestCases.PolicyBazaarTest" name="getItemsUnderHealthInsurance" time="30.018"/>
  <testcase classname="TestCases.PolicyBazaarTest" name="isHealthInsuranceClickable" time="33.008"/>
</testsuite> <!-- Policy Bazaar Testing -->
